<?xml version="1.0" encoding="UTF-8"?>
<testng-results ignored="0" total="1" passed="1" failed="0" skipped="0">
  <reporter-output>
  </reporter-output>
  <suite started-at="2022-12-13T22:07:39 BDT" name="Default suite" finished-at="2022-12-13T22:07:54 BDT" duration-ms="15259">
    <groups>
    </groups>
    <test started-at="2022-12-13T22:07:39 BDT" name="Default test" finished-at="2022-12-13T22:07:54 BDT" duration-ms="15259">
      <class name="testcases.loginRunnerfunctionality">
        <test-method signature="userLogin()[pri:0, instance:testcases.loginRunnerfunctionality@6a03bcb1]" started-at="2022-12-13T22:07:39 BDT" name="userLogin" finished-at="2022-12-13T22:07:54 BDT" duration-ms="15217" status="PASS">
          <reporter-output>
          </reporter-output>
        </test-method> <!-- userLogin -->
      </class> <!-- testcases.loginRunnerfunctionality -->
    </test> <!-- Default test -->
  </suite> <!-- Default suite -->
</testng-results>
